This file contains any messages produced by compilers while
running configure, to aid debugging if configure makes a mistake.

It was created by mcrypt configure 2.6.8, which was
generated by GNU Autoconf 2.61.  Invocation command line was

  $ ./configure 

## --------- ##
## Platform. ##
## --------- ##

hostname = MacBook-Air-de-Gloria.local
uname -m = x86_64
uname -r = 19.2.0
uname -s = Darwin
uname -v = Darwin Kernel Version 19.2.0: Sat Nov  9 03:47:04 PST 2019; root:xnu-6153.61.1~20/RELEASE_X86_64

/usr/bin/uname -p = i386
/bin/uname -X     = unknown

/bin/arch              = unknown
/usr/bin/arch -k       = unknown
/usr/convex/getsysinfo = unknown
/usr/bin/hostinfo      = Mach kernel version:
	 Darwin Kernel Version 19.2.0: Sat Nov  9 03:47:04 PST 2019; root:xnu-6153.61.1~20/RELEASE_X86_64
Kernel configured for up to 4 processors.
2 processors are physically available.
4 processors are logically available.
Processor type: x86_64h (Intel x86-64h Haswell)
Processors active: 0 1 2 3
Primary memory available: 4.00 gigabytes
Default processor set: 248 tasks, 1694 threads, 4 processors
Load average: 2.62, Mach factor: 1.53
/bin/machine           = unknown
/usr/bin/oslevel       = unknown
/bin/universe          = unknown

PATH: /Library/Frameworks/Python.framework/Versions/3.7/bin
PATH: /Library/Frameworks/Python.framework/Versions/3.8/bin
PATH: /Library/Frameworks/Python.framework/Versions/3.8/bin
PATH: /Users/giogiasvalley/opt/anaconda3/bin
PATH: /Users/giogiasvalley/opt/anaconda3/condabin
PATH: /Users/giogiasvalley/anaconda3/bin
PATH: /opt/local/bin
PATH: /opt/local/sbin
PATH: /Library/Frameworks/Python.framework/Versions/3.5/bin
PATH: /usr/local/bin
PATH: /usr/bin
PATH: /bin
PATH: /usr/sbin
PATH: /sbin
PATH: /Library/TeX/texbin


## ----------- ##
## Core tests. ##
## ----------- ##

configure:1991: checking build system type
configure:2009: result: i386-apple-darwin19.2.0
configure:2031: checking host system type
configure:2046: result: i386-apple-darwin19.2.0
configure:2068: checking target system type
configure:2083: result: i386-apple-darwin19.2.0
configure:2127: checking for a BSD-compatible install
configure:2183: result: /usr/bin/install -c
configure:2194: checking whether build environment is sane
configure:2237: result: yes
configure:2265: checking for a thread-safe mkdir -p
configure:2304: result: ./install-sh -c -d
configure:2317: checking for gawk
configure:2347: result: no
configure:2317: checking for mawk
configure:2347: result: no
configure:2317: checking for nawk
configure:2347: result: no
configure:2317: checking for awk
configure:2333: found /usr/bin/awk
configure:2344: result: awk
configure:2355: checking whether make sets $(MAKE)
configure:2376: result: yes
configure:2620: checking for style of include used by make
configure:2648: result: GNU
configure:2718: checking for gcc
configure:2734: found /usr/bin/gcc
configure:2745: result: gcc
configure:2983: checking for C compiler version
configure:2990: gcc --version >&5
Configured with: --prefix=/Applications/Xcode.app/Contents/Developer/usr --with-gxx-include-dir=/Applications/Xcode.app/Contents/Developer/Platforms/MacOSX.platform/Developer/SDKs/MacOSX.sdk/usr/include/c++/4.2.1
Apple clang version 11.0.0 (clang-1100.0.33.8)
Target: x86_64-apple-darwin19.2.0
Thread model: posix
InstalledDir: /Applications/Xcode.app/Contents/Developer/Toolchains/XcodeDefault.xctoolchain/usr/bin
configure:2993: $? = 0
configure:3000: gcc -v >&5
Configured with: --prefix=/Applications/Xcode.app/Contents/Developer/usr --with-gxx-include-dir=/Applications/Xcode.app/Contents/Developer/Platforms/MacOSX.platform/Developer/SDKs/MacOSX.sdk/usr/include/c++/4.2.1
Apple clang version 11.0.0 (clang-1100.0.33.8)
Target: x86_64-apple-darwin19.2.0
Thread model: posix
InstalledDir: /Applications/Xcode.app/Contents/Developer/Toolchains/XcodeDefault.xctoolchain/usr/bin
configure:3003: $? = 0
configure:3010: gcc -V >&5
clang: error: unsupported option '-V -Wno-framework-include-private-from-public'
clang: error: no input files
configure:3013: $? = 1
configure:3036: checking for C compiler default output file name
configure:3063: gcc    conftest.c  >&5
configure:3066: $? = 0
configure:3104: result: a.out
configure:3121: checking whether the C compiler works
configure:3131: ./a.out
configure:3134: $? = 0
configure:3151: result: yes
configure:3158: checking whether we are cross compiling
configure:3160: result: no
configure:3163: checking for suffix of executables
configure:3170: gcc -o conftest    conftest.c  >&5
configure:3173: $? = 0
configure:3197: result: 
configure:3203: checking for suffix of object files
configure:3229: gcc -c   conftest.c >&5
configure:3232: $? = 0
configure:3255: result: o
configure:3259: checking whether we are using the GNU C compiler
configure:3288: gcc -c   conftest.c >&5
configure:3294: $? = 0
configure:3311: result: yes
configure:3316: checking whether gcc accepts -g
configure:3346: gcc -c -g  conftest.c >&5
configure:3352: $? = 0
configure:3451: result: yes
configure:3468: checking for gcc option to accept ISO C89
configure:3542: gcc  -c -g -O2  conftest.c >&5
configure:3548: $? = 0
configure:3571: result: none needed
configure:3591: checking dependency style of gcc
configure:3682: result: gcc3
configure:3697: checking for a sed that does not truncate output
configure:3776: result: /usr/bin/sed
configure:3794: checking for grep that handles long lines and -e
configure:3868: result: /usr/bin/grep
configure:3873: checking for egrep
configure:3951: result: /usr/bin/grep -E
configure:3956: checking for fgrep
configure:4034: result: /usr/bin/grep -F
configure:4069: checking for ld used by gcc
configure:4136: result: /Applications/Xcode.app/Contents/Developer/Toolchains/XcodeDefault.xctoolchain/usr/bin/ld
configure:4145: checking if the linker (/Applications/Xcode.app/Contents/Developer/Toolchains/XcodeDefault.xctoolchain/usr/bin/ld) is GNU ld
configure:4160: result: no
configure:4172: checking for BSD- or MS-compatible name lister (nm)
configure:4221: result: /usr/bin/nm -B
configure:4343: checking the name lister (/usr/bin/nm -B) interface
configure:4350: gcc -c -g -O2  conftest.c >&5
configure:4353: /usr/bin/nm -B "conftest.o"
configure:4356: output
0000000000000220 S _some_variable
configure:4363: result: BSD nm
configure:4366: checking whether ln -s works
configure:4370: result: yes
configure:4378: checking the maximum length of command line arguments
configure:4498: result: 196608
configure:4515: checking whether the shell understands some XSI constructs
configure:4525: result: yes
configure:4529: checking whether the shell understands "+="
configure:4535: result: yes
configure:4570: checking for /Applications/Xcode.app/Contents/Developer/Toolchains/XcodeDefault.xctoolchain/usr/bin/ld option to reload object files
configure:4577: result: -r
configure:4604: checking how to recognize dependent libraries
configure:4794: result: pass_all
configure:4854: checking for ar
configure:4870: found /usr/bin/ar
configure:4881: result: ar
configure:4963: checking for strip
configure:4979: found /usr/bin/strip
configure:4990: result: strip
configure:5066: checking for ranlib
configure:5082: found /usr/bin/ranlib
configure:5093: result: ranlib
configure:5187: checking command to parse /usr/bin/nm -B output from gcc object
configure:5305: gcc -c -g -O2  conftest.c >&5
configure:5308: $? = 0
configure:5312: /usr/bin/nm -B conftest.o \| sed -n -e 's/^.*[	 ]\([BCDEGRST][BCDEGRST]*\)[	 ][	 ]*\([_A-Za-z][_A-Za-z0-9]*\)$/\1 \2 \2/p' \> conftest.nm
configure:5315: $? = 0
cannot find nm_test_var in conftest.nm
configure:5305: gcc -c -g -O2  conftest.c >&5
configure:5308: $? = 0
configure:5312: /usr/bin/nm -B conftest.o \| sed -n -e 's/^.*[	 ]\([BCDEGRST][BCDEGRST]*\)[	 ][	 ]*_\([_A-Za-z][_A-Za-z0-9]*\)$/\1 _\2 \2/p' \> conftest.nm
configure:5315: $? = 0
configure:5369: gcc -o conftest -g -O2   conftest.c conftstm.o >&5
warning: (x86_64)  could not find object file symbol for symbol _main
configure:5372: $? = 0
configure:5410: result: ok
configure:5700: checking for dsymutil
configure:5716: found /usr/bin/dsymutil
configure:5727: result: dsymutil
configure:5796: checking for nmedit
configure:5812: found /usr/bin/nmedit
configure:5823: result: nmedit
configure:5892: checking for lipo
configure:5908: found /usr/bin/lipo
configure:5919: result: lipo
configure:5988: checking for otool
configure:6004: found /usr/bin/otool
configure:6015: result: otool
configure:6084: checking for otool64
configure:6114: result: no
configure:6163: checking for -single_module linker flag
gcc -g -O2  -o libconftest.dylib -dynamiclib -Wl,-single_module conftest.c
configure:6190: result: yes
configure:6192: checking for -exported_symbols_list linker flag
configure:6222: gcc -o conftest -g -O2   -Wl,-exported_symbols_list,conftest.sym conftest.c  >&5
configure:6228: $? = 0
configure:6247: result: yes
configure:6289: checking how to run the C preprocessor
configure:6329: gcc -E  conftest.c
configure:6335: $? = 0
configure:6366: gcc -E  conftest.c
conftest.c:13:10: fatal error: 'ac_nonexistent.h' file not found
#include <ac_nonexistent.h>
         ^~~~~~~~~~~~~~~~~~
1 error generated.
configure:6372: $? = 1
configure: failed program was:
| /* confdefs.h.  */
| #define PACKAGE_NAME "mcrypt"
| #define PACKAGE_TARNAME "mcrypt"
| #define PACKAGE_VERSION "2.6.8"
| #define PACKAGE_STRING "mcrypt 2.6.8"
| #define PACKAGE_BUGREPORT ""
| #define PACKAGE "mcrypt"
| #define VERSION "2.6.8"
| #define T_CPU "i386"
| #define T_VENDOR "apple"
| #define T_OS "darwin19.2.0"
| /* end confdefs.h.  */
| #include <ac_nonexistent.h>
configure:6405: result: gcc -E
configure:6434: gcc -E  conftest.c
configure:6440: $? = 0
configure:6471: gcc -E  conftest.c
conftest.c:13:10: fatal error: 'ac_nonexistent.h' file not found
#include <ac_nonexistent.h>
         ^~~~~~~~~~~~~~~~~~
1 error generated.
configure:6477: $? = 1
configure: failed program was:
| /* confdefs.h.  */
| #define PACKAGE_NAME "mcrypt"
| #define PACKAGE_TARNAME "mcrypt"
| #define PACKAGE_VERSION "2.6.8"
| #define PACKAGE_STRING "mcrypt 2.6.8"
| #define PACKAGE_BUGREPORT ""
| #define PACKAGE "mcrypt"
| #define VERSION "2.6.8"
| #define T_CPU "i386"
| #define T_VENDOR "apple"
| #define T_OS "darwin19.2.0"
| /* end confdefs.h.  */
| #include <ac_nonexistent.h>
configure:6515: checking for ANSI C header files
configure:6545: gcc -c -g -O2  conftest.c >&5
configure:6551: $? = 0
configure:6650: gcc -o conftest -g -O2   conftest.c  >&5
configure:6653: $? = 0
configure:6659: ./conftest
configure:6662: $? = 0
configure:6679: result: yes
configure:6703: checking for sys/types.h
configure:6724: gcc -c -g -O2  conftest.c >&5
configure:6730: $? = 0
configure:6746: result: yes
configure:6703: checking for sys/stat.h
configure:6724: gcc -c -g -O2  conftest.c >&5
configure:6730: $? = 0
configure:6746: result: yes
configure:6703: checking for stdlib.h
configure:6724: gcc -c -g -O2  conftest.c >&5
configure:6730: $? = 0
configure:6746: result: yes
configure:6703: checking for string.h
configure:6724: gcc -c -g -O2  conftest.c >&5
configure:6730: $? = 0
configure:6746: result: yes
configure:6703: checking for memory.h
configure:6724: gcc -c -g -O2  conftest.c >&5
configure:6730: $? = 0
configure:6746: result: yes
configure:6703: checking for strings.h
configure:6724: gcc -c -g -O2  conftest.c >&5
configure:6730: $? = 0
configure:6746: result: yes
configure:6703: checking for inttypes.h
configure:6724: gcc -c -g -O2  conftest.c >&5
configure:6730: $? = 0
configure:6746: result: yes
configure:6703: checking for stdint.h
configure:6724: gcc -c -g -O2  conftest.c >&5
configure:6730: $? = 0
configure:6746: result: yes
configure:6703: checking for unistd.h
configure:6724: gcc -c -g -O2  conftest.c >&5
configure:6730: $? = 0
configure:6746: result: yes
configure:6762: checking for dlfcn.h
configure:6783: gcc -c -g -O2  conftest.c >&5
configure:6789: $? = 0
configure:6805: result: yes
configure:6989: checking for objdir
configure:7004: result: .libs
configure:7300: checking if gcc supports -fno-rtti -fno-exceptions
configure:7318: gcc -c -g -O2  -fno-rtti -fno-exceptions conftest.c >&5
configure:7322: $? = 0
configure:7335: result: yes
configure:7355: checking for gcc option to produce PIC
configure:7612: result: -fno-common -DPIC
configure:7624: checking if gcc PIC flag -fno-common -DPIC works
configure:7642: gcc -c -g -O2  -fno-common -DPIC -DPIC conftest.c >&5
configure:7646: $? = 0
configure:7659: result: yes
configure:7683: checking if gcc static flag -static works
configure:7711: result: no
configure:7726: checking if gcc supports -c -o file.o
configure:7747: gcc -c -g -O2  -o out/conftest2.o conftest.c >&5
configure:7751: $? = 0
configure:7773: result: yes
configure:7781: checking if gcc supports -c -o file.o
configure:7828: result: yes
configure:7861: checking whether the gcc linker (/Applications/Xcode.app/Contents/Developer/Toolchains/XcodeDefault.xctoolchain/usr/bin/ld) supports shared libraries
configure:8916: result: yes
configure:9155: checking dynamic linker characteristics
configure:9846: result: darwin19.2.0 dyld
configure:9948: checking how to hardcode library paths into programs
configure:9973: result: immediate
configure:10786: checking whether stripping libraries is possible
configure:10800: result: yes
configure:10826: checking if libtool supports shared libraries
configure:10828: result: yes
configure:10831: checking whether to build shared libraries
configure:10852: result: yes
configure:10855: checking whether to build static libraries
configure:10859: result: yes
configure:10942: checking for gcc
configure:10969: result: gcc
configure:11207: checking for C compiler version
configure:11214: gcc --version >&5
Configured with: --prefix=/Applications/Xcode.app/Contents/Developer/usr --with-gxx-include-dir=/Applications/Xcode.app/Contents/Developer/Platforms/MacOSX.platform/Developer/SDKs/MacOSX.sdk/usr/include/c++/4.2.1
Apple clang version 11.0.0 (clang-1100.0.33.8)
Target: x86_64-apple-darwin19.2.0
Thread model: posix
InstalledDir: /Applications/Xcode.app/Contents/Developer/Toolchains/XcodeDefault.xctoolchain/usr/bin
configure:11217: $? = 0
configure:11224: gcc -v >&5
Configured with: --prefix=/Applications/Xcode.app/Contents/Developer/usr --with-gxx-include-dir=/Applications/Xcode.app/Contents/Developer/Platforms/MacOSX.platform/Developer/SDKs/MacOSX.sdk/usr/include/c++/4.2.1
Apple clang version 11.0.0 (clang-1100.0.33.8)
Target: x86_64-apple-darwin19.2.0
Thread model: posix
InstalledDir: /Applications/Xcode.app/Contents/Developer/Toolchains/XcodeDefault.xctoolchain/usr/bin
configure:11227: $? = 0
configure:11234: gcc -V >&5
clang: error: unsupported option '-V -Wno-framework-include-private-from-public'
clang: error: no input files
configure:11237: $? = 1
configure:11240: checking whether we are using the GNU C compiler
configure:11292: result: yes
configure:11297: checking whether gcc accepts -g
configure:11432: result: yes
configure:11449: checking for gcc option to accept ISO C89
configure:11552: result: none needed
configure:11572: checking dependency style of gcc
configure:11663: result: gcc3
configure:11698: checking for libmcrypt-config
configure:11716: found /usr/local/bin/libmcrypt-config
configure:11729: result: /usr/local/bin/libmcrypt-config
configure:11738: checking for libmcrypt - version >= 2.5.0
configure:11949: gcc -o conftest -g -O2 -I/usr/local/include   conftest.c  -L/usr/local/lib -lmcrypt >&5
configure:11952: $? = 0
configure:11958: ./conftest
configure:11961: $? = 0
configure:11981: result: yes
configure:12093: checking for mhash_keygen in -lmhash
configure:12128: gcc -o conftest -g -O2   conftest.c -lmhash   >&5
configure:12134: $? = 0
configure:12152: result: yes
configure:12163: checking whether mhash >= 0.8.15
configure:12194: gcc -o conftest -g -O2   conftest.c  -lmhash >&5
In file included from conftest.c:27:
In file included from /usr/local/include/mhash.h:6:
In file included from /usr/local/include/mutils/mincludes.h:34:
/usr/local/include/mutils/mhash_config.h:186:9: warning: 'PACKAGE' macro redefined [-Wmacro-redefined]
#define PACKAGE "mhash"
        ^
conftest.c:7:9: note: previous definition is here
#define PACKAGE "mcrypt"
        ^
In file included from conftest.c:27:
In file included from /usr/local/include/mhash.h:6:
In file included from /usr/local/include/mutils/mincludes.h:34:
/usr/local/include/mutils/mhash_config.h:189:9: warning: 'PACKAGE_BUGREPORT' macro redefined [-Wmacro-redefined]
#define PACKAGE_BUGREPORT "mhash-devel@sourceforge.net"
        ^
conftest.c:6:9: note: previous definition is here
#define PACKAGE_BUGREPORT ""
        ^
In file included from conftest.c:27:
In file included from /usr/local/include/mhash.h:6:
In file included from /usr/local/include/mutils/mincludes.h:34:
/usr/local/include/mutils/mhash_config.h:192:9: warning: 'PACKAGE_NAME' macro redefined [-Wmacro-redefined]
#define PACKAGE_NAME "MHASH"
        ^
conftest.c:2:9: note: previous definition is here
#define PACKAGE_NAME "mcrypt"
        ^
In file included from conftest.c:27:
In file included from /usr/local/include/mhash.h:6:
In file included from /usr/local/include/mutils/mincludes.h:34:
/usr/local/include/mutils/mhash_config.h:195:9: warning: 'PACKAGE_STRING' macro redefined [-Wmacro-redefined]
#define PACKAGE_STRING "MHASH 0.9.9"
        ^
conftest.c:5:9: note: previous definition is here
#define PACKAGE_STRING "mcrypt 2.6.8"
        ^
In file included from conftest.c:27:
In file included from /usr/local/include/mhash.h:6:
In file included from /usr/local/include/mutils/mincludes.h:34:
/usr/local/include/mutils/mhash_config.h:198:9: warning: 'PACKAGE_TARNAME' macro redefined [-Wmacro-redefined]
#define PACKAGE_TARNAME "mhash"
        ^
conftest.c:3:9: note: previous definition is here
#define PACKAGE_TARNAME "mcrypt"
        ^
In file included from conftest.c:27:
In file included from /usr/local/include/mhash.h:6:
In file included from /usr/local/include/mutils/mincludes.h:34:
/usr/local/include/mutils/mhash_config.h:201:9: warning: 'PACKAGE_VERSION' macro redefined [-Wmacro-redefined]
#define PACKAGE_VERSION "0.9.9"
        ^
conftest.c:4:9: note: previous definition is here
#define PACKAGE_VERSION "2.6.8"
        ^
In file included from conftest.c:27:
In file included from /usr/local/include/mhash.h:6:
In file included from /usr/local/include/mutils/mincludes.h:34:
/usr/local/include/mutils/mhash_config.h:213:9: warning: 'VERSION' macro redefined [-Wmacro-redefined]
#define VERSION "0.9.9"
        ^
conftest.c:8:9: note: previous definition is here
#define VERSION "2.6.8"
        ^
7 warnings generated.
configure:12197: $? = 0
configure:12203: ./conftest
configure:12206: $? = 0
configure:12208: result: yes
configure:12233: checking whether NLS is requested
configure:12242: result: yes
configure:12280: checking for msgfmt
configure: trying /Users/giogiasvalley/opt/anaconda3/bin/msgfmt...
0 translated messages.
configure:12312: result: /Users/giogiasvalley/opt/anaconda3/bin/msgfmt
configure:12321: checking for gmsgfmt
configure:12352: result: /Users/giogiasvalley/opt/anaconda3/bin/msgfmt
configure:12403: checking for xgettext
configure: trying /Users/giogiasvalley/opt/anaconda3/bin/xgettext...
/Users/giogiasvalley/opt/anaconda3/bin/xgettext: warning: file '/dev/null' extension '' is unknown; will try C
configure:12435: result: /Users/giogiasvalley/opt/anaconda3/bin/xgettext
configure:12481: checking for msgmerge
configure: trying /Users/giogiasvalley/opt/anaconda3/bin/msgmerge...
configure:12512: result: /Users/giogiasvalley/opt/anaconda3/bin/msgmerge
configure:12566: checking for ld used by GCC
configure:12630: result: /Applications/Xcode.app/Contents/Developer/Toolchains/XcodeDefault.xctoolchain/usr/bin/ld
configure:12639: checking if the linker (/Applications/Xcode.app/Contents/Developer/Toolchains/XcodeDefault.xctoolchain/usr/bin/ld) is GNU ld
configure:12652: result: no
configure:12659: checking for shared library run path origin
configure:12672: result: done
configure:13129: checking for CFPreferencesCopyAppValue
configure:13157: gcc -o conftest -g -O2   conftest.c  -lmhash -Wl,-framework -Wl,CoreFoundation >&5
conftest.c:30:37: warning: null passed to a callee that requires a non-null argument [-Wnonnull]
CFPreferencesCopyAppValue(NULL, NULL)
                          ~~~~      ^
conftest.c:30:37: warning: null passed to a callee that requires a non-null argument [-Wnonnull]
CFPreferencesCopyAppValue(NULL, NULL)
                                ~~~~^
2 warnings generated.
configure:13163: $? = 0
configure:13181: result: yes
configure:13190: checking for CFLocaleCopyCurrent
configure:13218: gcc -o conftest -g -O2   conftest.c  -lmhash -Wl,-framework -Wl,CoreFoundation >&5
configure:13224: $? = 0
configure:13242: result: yes
configure:13293: checking for GNU gettext in libc
configure:13323: gcc -o conftest -g -O2   conftest.c  -lmhash >&5
conftest.c:28:10: fatal error: 'libintl.h' file not found
#include <libintl.h>
         ^~~~~~~~~~~
1 error generated.
configure:13329: $? = 1
configure: failed program was:
| /* confdefs.h.  */
| #define PACKAGE_NAME "mcrypt"
| #define PACKAGE_TARNAME "mcrypt"
| #define PACKAGE_VERSION "2.6.8"
| #define PACKAGE_STRING "mcrypt 2.6.8"
| #define PACKAGE_BUGREPORT ""
| #define PACKAGE "mcrypt"
| #define VERSION "2.6.8"
| #define T_CPU "i386"
| #define T_VENDOR "apple"
| #define T_OS "darwin19.2.0"
| #define STDC_HEADERS 1
| #define HAVE_SYS_TYPES_H 1
| #define HAVE_SYS_STAT_H 1
| #define HAVE_STDLIB_H 1
| #define HAVE_STRING_H 1
| #define HAVE_MEMORY_H 1
| #define HAVE_STRINGS_H 1
| #define HAVE_INTTYPES_H 1
| #define HAVE_STDINT_H 1
| #define HAVE_UNISTD_H 1
| #define HAVE_DLFCN_H 1
| #define LT_OBJDIR ".libs/"
| #define LIBMCRYPT24 1
| #define HAVE_CFPREFERENCESCOPYAPPVALUE 1
| #define HAVE_CFLOCALECOPYCURRENT 1
| /* end confdefs.h.  */
| #include <libintl.h>
| 
| extern int _nl_msg_cat_cntr;
| extern int *_nl_domain_bindings;
| int
| main ()
| {
| bindtextdomain ("", "");
| return * gettext ("") + _nl_msg_cat_cntr + *_nl_domain_bindings
|   ;
|   return 0;
| }
configure:13347: result: no
configure:13381: checking for iconv
configure:13413: gcc -o conftest -g -O2   conftest.c  -lmhash >&5
Undefined symbols for architecture x86_64:
  "_iconv", referenced from:
      _main in conftest-4e1c0e.o
  "_iconv_close", referenced from:
      _main in conftest-4e1c0e.o
  "_iconv_open", referenced from:
      _main in conftest-4e1c0e.o
ld: symbol(s) not found for architecture x86_64
clang: error: linker command failed with exit code 1 (use -v to see invocation)
configure:13419: $? = 1
configure: failed program was:
| /* confdefs.h.  */
| #define PACKAGE_NAME "mcrypt"
| #define PACKAGE_TARNAME "mcrypt"
| #define PACKAGE_VERSION "2.6.8"
| #define PACKAGE_STRING "mcrypt 2.6.8"
| #define PACKAGE_BUGREPORT ""
| #define PACKAGE "mcrypt"
| #define VERSION "2.6.8"
| #define T_CPU "i386"
| #define T_VENDOR "apple"
| #define T_OS "darwin19.2.0"
| #define STDC_HEADERS 1
| #define HAVE_SYS_TYPES_H 1
| #define HAVE_SYS_STAT_H 1
| #define HAVE_STDLIB_H 1
| #define HAVE_STRING_H 1
| #define HAVE_MEMORY_H 1
| #define HAVE_STRINGS_H 1
| #define HAVE_INTTYPES_H 1
| #define HAVE_STDINT_H 1
| #define HAVE_UNISTD_H 1
| #define HAVE_DLFCN_H 1
| #define LT_OBJDIR ".libs/"
| #define LIBMCRYPT24 1
| #define HAVE_CFPREFERENCESCOPYAPPVALUE 1
| #define HAVE_CFLOCALECOPYCURRENT 1
| /* end confdefs.h.  */
| #include <stdlib.h>
| #include <iconv.h>
| int
| main ()
| {
| iconv_t cd = iconv_open("","");
|        iconv(cd,NULL,NULL,NULL,NULL);
|        iconv_close(cd);
|   ;
|   return 0;
| }
configure:13462: gcc -o conftest -g -O2   conftest.c  -lmhash -liconv >&5
configure:13468: $? = 0
configure:13489: result: yes
configure:13499: checking how to link with libiconv
configure:13501: result: -liconv
configure:13905: checking for GNU gettext in libintl
configure:13943: gcc -o conftest -g -O2    conftest.c  -lmhash -lintl >&5
conftest.c:29:10: fatal error: 'libintl.h' file not found
#include <libintl.h>
         ^~~~~~~~~~~
1 error generated.
configure:13949: $? = 1
configure: failed program was:
| /* confdefs.h.  */
| #define PACKAGE_NAME "mcrypt"
| #define PACKAGE_TARNAME "mcrypt"
| #define PACKAGE_VERSION "2.6.8"
| #define PACKAGE_STRING "mcrypt 2.6.8"
| #define PACKAGE_BUGREPORT ""
| #define PACKAGE "mcrypt"
| #define VERSION "2.6.8"
| #define T_CPU "i386"
| #define T_VENDOR "apple"
| #define T_OS "darwin19.2.0"
| #define STDC_HEADERS 1
| #define HAVE_SYS_TYPES_H 1
| #define HAVE_SYS_STAT_H 1
| #define HAVE_STDLIB_H 1
| #define HAVE_STRING_H 1
| #define HAVE_MEMORY_H 1
| #define HAVE_STRINGS_H 1
| #define HAVE_INTTYPES_H 1
| #define HAVE_STDINT_H 1
| #define HAVE_UNISTD_H 1
| #define HAVE_DLFCN_H 1
| #define LT_OBJDIR ".libs/"
| #define LIBMCRYPT24 1
| #define HAVE_CFPREFERENCESCOPYAPPVALUE 1
| #define HAVE_CFLOCALECOPYCURRENT 1
| #define HAVE_ICONV 1
| /* end confdefs.h.  */
| #include <libintl.h>
| 
| extern int _nl_msg_cat_cntr;
| extern
| #ifdef __cplusplus
| "C"
| #endif
| const char *_nl_expand_alias (const char *);
| int
| main ()
| {
| bindtextdomain ("", "");
| return * gettext ("") + _nl_msg_cat_cntr + *_nl_expand_alias ("")
|   ;
|   return 0;
| }
configure:13996: gcc -o conftest -g -O2    conftest.c  -lmhash -lintl -liconv >&5
conftest.c:29:10: fatal error: 'libintl.h' file not found
#include <libintl.h>
         ^~~~~~~~~~~
1 error generated.
configure:14002: $? = 1
configure: failed program was:
| /* confdefs.h.  */
| #define PACKAGE_NAME "mcrypt"
| #define PACKAGE_TARNAME "mcrypt"
| #define PACKAGE_VERSION "2.6.8"
| #define PACKAGE_STRING "mcrypt 2.6.8"
| #define PACKAGE_BUGREPORT ""
| #define PACKAGE "mcrypt"
| #define VERSION "2.6.8"
| #define T_CPU "i386"
| #define T_VENDOR "apple"
| #define T_OS "darwin19.2.0"
| #define STDC_HEADERS 1
| #define HAVE_SYS_TYPES_H 1
| #define HAVE_SYS_STAT_H 1
| #define HAVE_STDLIB_H 1
| #define HAVE_STRING_H 1
| #define HAVE_MEMORY_H 1
| #define HAVE_STRINGS_H 1
| #define HAVE_INTTYPES_H 1
| #define HAVE_STDINT_H 1
| #define HAVE_UNISTD_H 1
| #define HAVE_DLFCN_H 1
| #define LT_OBJDIR ".libs/"
| #define LIBMCRYPT24 1
| #define HAVE_CFPREFERENCESCOPYAPPVALUE 1
| #define HAVE_CFLOCALECOPYCURRENT 1
| #define HAVE_ICONV 1
| /* end confdefs.h.  */
| #include <libintl.h>
| 
| extern int _nl_msg_cat_cntr;
| extern
| #ifdef __cplusplus
| "C"
| #endif
| const char *_nl_expand_alias (const char *);
| int
| main ()
| {
| bindtextdomain ("", "");
| return * gettext ("") + _nl_msg_cat_cntr + *_nl_expand_alias ("")
|   ;
|   return 0;
| }
configure:14026: result: no
configure:14063: checking whether to use NLS
configure:14065: result: no
configure:14142: checking for compress in -lz
configure:14177: gcc -o conftest -g -O2   conftest.c -lz   -lmhash >&5
configure:14183: $? = 0
configure:14201: result: yes
configure:14224: checking for an ANSI C-conforming const
configure:14299: gcc -c -g -O2 -I/usr/local/include -Wall  conftest.c >&5
conftest.c:75:18: warning: variable 'b' is uninitialized when used here [-Wuninitialized]
    struct s *b; b->j = 5;
                 ^
conftest.c:75:16: note: initialize the variable 'b' to silence this warning
    struct s *b; b->j = 5;
               ^
                = 0
conftest.c:59:6: warning: variable 't' is uninitialized when used here [-Wuninitialized]
    *t++ = 0;
     ^
conftest.c:56:12: note: initialize the variable 't' to silence this warning
    char *t;
           ^
            = 0
2 warnings generated.
configure:14305: $? = 0
configure:14320: result: yes
configure:14344: checking for a BSD-compatible install
configure:14400: result: /usr/bin/install -c
configure:14411: checking whether ln -s works
configure:14415: result: yes
configure:14424: checking for rm
configure:14442: found /bin/rm
configure:14454: result: /bin/rm
configure:14471: checking for gzip
configure:14489: found /usr/bin/gzip
configure:14501: result: /usr/bin/gzip
configure:14516: checking for bzip2
configure:14534: found /Users/giogiasvalley/opt/anaconda3/bin/bzip2
configure:14546: result: /Users/giogiasvalley/opt/anaconda3/bin/bzip2
configure:14563: checking whether use of /dev/random is requested
configure:14572: result: yes
configure:14577: checking whether static link is requested
configure:14584: result: no
configure:14588: checking whether in maintanance mode
configure:14595: result: no
configure:14599: checking whether included getpass is requested
configure:14608: result: yes
configure:14660: checking for random device
configure:14668: result: yes
configure:14704: checking whether byte ordering is bigendian
configure:14737: gcc -c -g -O2 -I/usr/local/include -Wall  conftest.c >&5
configure:14743: $? = 0
configure:14775: gcc -c -g -O2 -I/usr/local/include -Wall  conftest.c >&5
conftest.c:42:2: error: use of undeclared identifier 'not'
 not big endian
 ^
1 error generated.
configure:14781: $? = 1
configure: failed program was:
| /* confdefs.h.  */
| #define PACKAGE_NAME "mcrypt"
| #define PACKAGE_TARNAME "mcrypt"
| #define PACKAGE_VERSION "2.6.8"
| #define PACKAGE_STRING "mcrypt 2.6.8"
| #define PACKAGE_BUGREPORT ""
| #define PACKAGE "mcrypt"
| #define VERSION "2.6.8"
| #define T_CPU "i386"
| #define T_VENDOR "apple"
| #define T_OS "darwin19.2.0"
| #define STDC_HEADERS 1
| #define HAVE_SYS_TYPES_H 1
| #define HAVE_SYS_STAT_H 1
| #define HAVE_STDLIB_H 1
| #define HAVE_STRING_H 1
| #define HAVE_MEMORY_H 1
| #define HAVE_STRINGS_H 1
| #define HAVE_INTTYPES_H 1
| #define HAVE_STDINT_H 1
| #define HAVE_UNISTD_H 1
| #define HAVE_DLFCN_H 1
| #define LT_OBJDIR ".libs/"
| #define LIBMCRYPT24 1
| #define HAVE_CFPREFERENCESCOPYAPPVALUE 1
| #define HAVE_CFLOCALECOPYCURRENT 1
| #define HAVE_ICONV 1
| #define HAVE_LIBZ 1
| #define GZIP "/usr/bin/gzip"
| #define BZIP2 "/Users/giogiasvalley/opt/anaconda3/bin/bzip2"
| #define NAME_OF_DEV_RANDOM "/dev/random"
| #define NAME_OF_DEV_URANDOM "/dev/urandom"
| #define HAVE_DEV_RANDOM 1
| /* end confdefs.h.  */
| #include <sys/types.h>
| #include <sys/param.h>
| 
| int
| main ()
| {
| #if BYTE_ORDER != BIG_ENDIAN
|  not big endian
| #endif
| 
|   ;
|   return 0;
| }
configure:14921: result: no
configure:14940: checking return type of signal handlers
configure:14968: gcc -c -g -O2 -I/usr/local/include -Wall  conftest.c >&5
conftest.c:41:8: error: indirection requires pointer operand ('void' invalid)
return *(signal (0, 0)) (0) == 1;
       ^~~~~~~~~~~~~~~~~~~~
1 error generated.
configure:14974: $? = 1
configure: failed program was:
| /* confdefs.h.  */
| #define PACKAGE_NAME "mcrypt"
| #define PACKAGE_TARNAME "mcrypt"
| #define PACKAGE_VERSION "2.6.8"
| #define PACKAGE_STRING "mcrypt 2.6.8"
| #define PACKAGE_BUGREPORT ""
| #define PACKAGE "mcrypt"
| #define VERSION "2.6.8"
| #define T_CPU "i386"
| #define T_VENDOR "apple"
| #define T_OS "darwin19.2.0"
| #define STDC_HEADERS 1
| #define HAVE_SYS_TYPES_H 1
| #define HAVE_SYS_STAT_H 1
| #define HAVE_STDLIB_H 1
| #define HAVE_STRING_H 1
| #define HAVE_MEMORY_H 1
| #define HAVE_STRINGS_H 1
| #define HAVE_INTTYPES_H 1
| #define HAVE_STDINT_H 1
| #define HAVE_UNISTD_H 1
| #define HAVE_DLFCN_H 1
| #define LT_OBJDIR ".libs/"
| #define LIBMCRYPT24 1
| #define HAVE_CFPREFERENCESCOPYAPPVALUE 1
| #define HAVE_CFLOCALECOPYCURRENT 1
| #define HAVE_ICONV 1
| #define HAVE_LIBZ 1
| #define GZIP "/usr/bin/gzip"
| #define BZIP2 "/Users/giogiasvalley/opt/anaconda3/bin/bzip2"
| #define NAME_OF_DEV_RANDOM "/dev/random"
| #define NAME_OF_DEV_URANDOM "/dev/urandom"
| #define HAVE_DEV_RANDOM 1
| /* end confdefs.h.  */
| #include <sys/types.h>
| #include <signal.h>
| 
| int
| main ()
| {
| return *(signal (0, 0)) (0) == 1;
|   ;
|   return 0;
| }
configure:14989: result: void
configure:14997: checking for unsigned long int
configure:15027: gcc -c -g -O2 -I/usr/local/include -Wall  conftest.c >&5
configure:15033: $? = 0
configure:15048: result: yes
configure:15055: checking size of unsigned long int
configure:15357: gcc -o conftest -g -O2 -I/usr/local/include -Wall   conftest.c -lz  -lmhash -L/usr/local/lib -lmcrypt >&5
configure:15360: $? = 0
configure:15366: ./conftest
configure:15369: $? = 0
configure:15392: result: 8
configure:15402: checking for unsigned int
configure:15432: gcc -c -g -O2 -I/usr/local/include -Wall  conftest.c >&5
configure:15438: $? = 0
configure:15453: result: yes
configure:15460: checking size of unsigned int
configure:15762: gcc -o conftest -g -O2 -I/usr/local/include -Wall   conftest.c -lz  -lmhash -L/usr/local/lib -lmcrypt >&5
configure:15765: $? = 0
configure:15771: ./conftest
configure:15774: $? = 0
configure:15797: result: 4
configure:15807: checking for unsigned short int
configure:15837: gcc -c -g -O2 -I/usr/local/include -Wall  conftest.c >&5
configure:15843: $? = 0
configure:15858: result: yes
configure:15865: checking size of unsigned short int
configure:16167: gcc -o conftest -g -O2 -I/usr/local/include -Wall   conftest.c -lz  -lmhash -L/usr/local/lib -lmcrypt >&5
configure:16170: $? = 0
configure:16176: ./conftest
configure:16179: $? = 0
configure:16202: result: 2
configure:16212: checking for unsigned char
configure:16242: gcc -c -g -O2 -I/usr/local/include -Wall  conftest.c >&5
configure:16248: $? = 0
configure:16263: result: yes
configure:16270: checking size of unsigned char
configure:16572: gcc -o conftest -g -O2 -I/usr/local/include -Wall   conftest.c -lz  -lmhash -L/usr/local/lib -lmcrypt >&5
configure:16575: $? = 0
configure:16581: ./conftest
configure:16584: $? = 0
configure:16607: result: 1
configure:16618: checking for off_t
configure:16648: gcc -c -g -O2 -I/usr/local/include -Wall  conftest.c >&5
configure:16654: $? = 0
configure:16669: result: yes
configure:16687: checking for special C compiler options needed for large files
configure:16780: result: no
configure:16786: checking for _FILE_OFFSET_BITS value needed for large files
configure:16821: gcc -c -g -O2 -I/usr/local/include -Wall  conftest.c >&5
configure:16827: $? = 0
configure:16895: result: no
configure:17031: checking for ANSI C header files
configure:17195: result: yes
configure:17215: checking for unistd.h
configure:17221: result: yes
configure:17225: checking pwd.h usability
configure:17242: gcc -c -g -O2 -I/usr/local/include -Wall  conftest.c >&5
configure:17248: $? = 0
configure:17262: result: yes
configure:17266: checking pwd.h presence
configure:17281: gcc -E  conftest.c
configure:17287: $? = 0
configure:17301: result: yes
configure:17329: checking for pwd.h
configure:17337: result: yes
configure:17225: checking locale.h usability
configure:17242: gcc -c -g -O2 -I/usr/local/include -Wall  conftest.c >&5
configure:17248: $? = 0
configure:17262: result: yes
configure:17266: checking locale.h presence
configure:17281: gcc -E  conftest.c
configure:17287: $? = 0
configure:17301: result: yes
configure:17329: checking for locale.h
configure:17337: result: yes
configure:17215: checking for strings.h
configure:17221: result: yes
configure:17225: checking mcrypt.h usability
configure:17242: gcc -c -g -O2 -I/usr/local/include -Wall  conftest.c >&5
configure:17248: $? = 0
configure:17262: result: yes
configure:17266: checking mcrypt.h presence
configure:17281: gcc -E  conftest.c
configure:17287: $? = 0
configure:17301: result: yes
configure:17329: checking for mcrypt.h
configure:17337: result: yes
configure:17225: checking ctype.h usability
configure:17242: gcc -c -g -O2 -I/usr/local/include -Wall  conftest.c >&5
configure:17248: $? = 0
configure:17262: result: yes
configure:17266: checking ctype.h presence
configure:17281: gcc -E  conftest.c
configure:17287: $? = 0
configure:17301: result: yes
configure:17329: checking for ctype.h
configure:17337: result: yes
configure:17358: checking for sys/stat.h
configure:17364: result: yes
configure:17358: checking for sys/types.h
configure:17364: result: yes
configure:17368: checking fcntl.h usability
configure:17385: gcc -c -g -O2 -I/usr/local/include -Wall  conftest.c >&5
configure:17391: $? = 0
configure:17405: result: yes
configure:17409: checking fcntl.h presence
configure:17424: gcc -E  conftest.c
configure:17430: $? = 0
configure:17444: result: yes
configure:17472: checking for fcntl.h
configure:17480: result: yes
configure:17368: checking sys/wait.h usability
configure:17385: gcc -c -g -O2 -I/usr/local/include -Wall  conftest.c >&5
configure:17391: $? = 0
configure:17405: result: yes
configure:17409: checking sys/wait.h presence
configure:17424: gcc -E  conftest.c
configure:17430: $? = 0
configure:17444: result: yes
configure:17472: checking for sys/wait.h
configure:17480: result: yes
configure:17509: checking utime.h usability
configure:17526: gcc -c -g -O2 -I/usr/local/include -Wall  conftest.c >&5
configure:17532: $? = 0
configure:17546: result: yes
configure:17550: checking utime.h presence
configure:17565: gcc -E  conftest.c
configure:17571: $? = 0
configure:17585: result: yes
configure:17613: checking for utime.h
configure:17621: result: yes
configure:17509: checking signal.h usability
configure:17526: gcc -c -g -O2 -I/usr/local/include -Wall  conftest.c >&5
configure:17532: $? = 0
configure:17546: result: yes
configure:17550: checking signal.h presence
configure:17565: gcc -E  conftest.c
configure:17571: $? = 0
configure:17585: result: yes
configure:17613: checking for signal.h
configure:17621: result: yes
configure:17651: checking termios.h usability
configure:17668: gcc -c -g -O2 -I/usr/local/include -Wall  conftest.c >&5
configure:17674: $? = 0
configure:17688: result: yes
configure:17692: checking termios.h presence
configure:17707: gcc -E  conftest.c
configure:17713: $? = 0
configure:17727: result: yes
configure:17755: checking for termios.h
configure:17763: result: yes
configure:17651: checking termio.h usability
configure:17668: gcc -c -g -O2 -I/usr/local/include -Wall  conftest.c >&5
conftest.c:88:10: fatal error: 'termio.h' file not found
#include <termio.h>
         ^~~~~~~~~~
1 error generated.
configure:17674: $? = 1
configure: failed program was:
| /* confdefs.h.  */
| #define PACKAGE_NAME "mcrypt"
| #define PACKAGE_TARNAME "mcrypt"
| #define PACKAGE_VERSION "2.6.8"
| #define PACKAGE_STRING "mcrypt 2.6.8"
| #define PACKAGE_BUGREPORT ""
| #define PACKAGE "mcrypt"
| #define VERSION "2.6.8"
| #define T_CPU "i386"
| #define T_VENDOR "apple"
| #define T_OS "darwin19.2.0"
| #define STDC_HEADERS 1
| #define HAVE_SYS_TYPES_H 1
| #define HAVE_SYS_STAT_H 1
| #define HAVE_STDLIB_H 1
| #define HAVE_STRING_H 1
| #define HAVE_MEMORY_H 1
| #define HAVE_STRINGS_H 1
| #define HAVE_INTTYPES_H 1
| #define HAVE_STDINT_H 1
| #define HAVE_UNISTD_H 1
| #define HAVE_DLFCN_H 1
| #define LT_OBJDIR ".libs/"
| #define LIBMCRYPT24 1
| #define HAVE_CFPREFERENCESCOPYAPPVALUE 1
| #define HAVE_CFLOCALECOPYCURRENT 1
| #define HAVE_ICONV 1
| #define HAVE_LIBZ 1
| #define GZIP "/usr/bin/gzip"
| #define BZIP2 "/Users/giogiasvalley/opt/anaconda3/bin/bzip2"
| #define NAME_OF_DEV_RANDOM "/dev/random"
| #define NAME_OF_DEV_URANDOM "/dev/urandom"
| #define HAVE_DEV_RANDOM 1
| #define RETSIGTYPE void
| #define SIZEOF_UNSIGNED_LONG_INT 8
| #define SIZEOF_UNSIGNED_INT 4
| #define SIZEOF_UNSIGNED_SHORT_INT 2
| #define SIZEOF_UNSIGNED_CHAR 1
| #define HAVE_OFF_T 1
| #define STDC_HEADERS 1
| #define HAVE_UNISTD_H 1
| #define HAVE_PWD_H 1
| #define HAVE_LOCALE_H 1
| #define HAVE_STRINGS_H 1
| #define HAVE_MCRYPT_H 1
| #define HAVE_CTYPE_H 1
| #define HAVE_SYS_STAT_H 1
| #define HAVE_SYS_TYPES_H 1
| #define HAVE_FCNTL_H 1
| #define HAVE_SYS_WAIT_H 1
| #define HAVE_UTIME_H 1
| #define HAVE_SIGNAL_H 1
| #define HAVE_TERMIOS_H 1
| /* end confdefs.h.  */
| #include <stdio.h>
| #ifdef HAVE_SYS_TYPES_H
| # include <sys/types.h>
| #endif
| #ifdef HAVE_SYS_STAT_H
| # include <sys/stat.h>
| #endif
| #ifdef STDC_HEADERS
| # include <stdlib.h>
| # include <stddef.h>
| #else
| # ifdef HAVE_STDLIB_H
| #  include <stdlib.h>
| # endif
| #endif
| #ifdef HAVE_STRING_H
| # if !defined STDC_HEADERS && defined HAVE_MEMORY_H
| #  include <memory.h>
| # endif
| # include <string.h>
| #endif
| #ifdef HAVE_STRINGS_H
| # include <strings.h>
| #endif
| #ifdef HAVE_INTTYPES_H
| # include <inttypes.h>
| #endif
| #ifdef HAVE_STDINT_H
| # include <stdint.h>
| #endif
| #ifdef HAVE_UNISTD_H
| # include <unistd.h>
| #endif
| #include <termio.h>
configure:17688: result: no
configure:17692: checking termio.h presence
configure:17707: gcc -E  conftest.c
conftest.c:55:10: fatal error: 'termio.h' file not found
#include <termio.h>
         ^~~~~~~~~~
1 error generated.
configure:17713: $? = 1
configure: failed program was:
| /* confdefs.h.  */
| #define PACKAGE_NAME "mcrypt"
| #define PACKAGE_TARNAME "mcrypt"
| #define PACKAGE_VERSION "2.6.8"
| #define PACKAGE_STRING "mcrypt 2.6.8"
| #define PACKAGE_BUGREPORT ""
| #define PACKAGE "mcrypt"
| #define VERSION "2.6.8"
| #define T_CPU "i386"
| #define T_VENDOR "apple"
| #define T_OS "darwin19.2.0"
| #define STDC_HEADERS 1
| #define HAVE_SYS_TYPES_H 1
| #define HAVE_SYS_STAT_H 1
| #define HAVE_STDLIB_H 1
| #define HAVE_STRING_H 1
| #define HAVE_MEMORY_H 1
| #define HAVE_STRINGS_H 1
| #define HAVE_INTTYPES_H 1
| #define HAVE_STDINT_H 1
| #define HAVE_UNISTD_H 1
| #define HAVE_DLFCN_H 1
| #define LT_OBJDIR ".libs/"
| #define LIBMCRYPT24 1
| #define HAVE_CFPREFERENCESCOPYAPPVALUE 1
| #define HAVE_CFLOCALECOPYCURRENT 1
| #define HAVE_ICONV 1
| #define HAVE_LIBZ 1
| #define GZIP "/usr/bin/gzip"
| #define BZIP2 "/Users/giogiasvalley/opt/anaconda3/bin/bzip2"
| #define NAME_OF_DEV_RANDOM "/dev/random"
| #define NAME_OF_DEV_URANDOM "/dev/urandom"
| #define HAVE_DEV_RANDOM 1
| #define RETSIGTYPE void
| #define SIZEOF_UNSIGNED_LONG_INT 8
| #define SIZEOF_UNSIGNED_INT 4
| #define SIZEOF_UNSIGNED_SHORT_INT 2
| #define SIZEOF_UNSIGNED_CHAR 1
| #define HAVE_OFF_T 1
| #define STDC_HEADERS 1
| #define HAVE_UNISTD_H 1
| #define HAVE_PWD_H 1
| #define HAVE_LOCALE_H 1
| #define HAVE_STRINGS_H 1
| #define HAVE_MCRYPT_H 1
| #define HAVE_CTYPE_H 1
| #define HAVE_SYS_STAT_H 1
| #define HAVE_SYS_TYPES_H 1
| #define HAVE_FCNTL_H 1
| #define HAVE_SYS_WAIT_H 1
| #define HAVE_UTIME_H 1
| #define HAVE_SIGNAL_H 1
| #define HAVE_TERMIOS_H 1
| /* end confdefs.h.  */
| #include <termio.h>
configure:17727: result: no
configure:17755: checking for termio.h
configure:17763: result: no
configure:17651: checking sgtty.h usability
configure:17668: gcc -c -g -O2 -I/usr/local/include -Wall  conftest.c >&5
configure:17674: $? = 0
configure:17688: result: yes
configure:17692: checking sgtty.h presence
configure:17707: gcc -E  conftest.c
configure:17713: $? = 0
configure:17727: result: yes
configure:17755: checking for sgtty.h
configure:17763: result: yes
configure:17786: checking for bzero
configure:17842: gcc -o conftest -g -O2 -I/usr/local/include -Wall   conftest.c -lz  -lmhash -L/usr/local/lib -lmcrypt >&5
conftest.c:79:6: warning: incompatible redeclaration of library function 'bzero' [-Wincompatible-library-redeclaration]
char bzero ();
     ^
conftest.c:79:6: note: 'bzero' is a builtin with type 'void (void *, unsigned long)'
1 warning generated.
configure:17848: $? = 0
configure:17866: result: yes
configure:17786: checking for signal
configure:17842: gcc -o conftest -g -O2 -I/usr/local/include -Wall   conftest.c -lz  -lmhash -L/usr/local/lib -lmcrypt >&5
configure:17848: $? = 0
configure:17866: result: yes
configure:17786: checking for sigaction
configure:17842: gcc -o conftest -g -O2 -I/usr/local/include -Wall   conftest.c -lz  -lmhash -L/usr/local/lib -lmcrypt >&5
configure:17848: $? = 0
configure:17866: result: yes
configure:17786: checking for memset
configure:17842: gcc -o conftest -g -O2 -I/usr/local/include -Wall   conftest.c -lz  -lmhash -L/usr/local/lib -lmcrypt >&5
conftest.c:82:6: warning: incompatible redeclaration of library function 'memset' [-Wincompatible-library-redeclaration]
char memset ();
     ^
conftest.c:82:6: note: 'memset' is a builtin with type 'void *(void *, int, unsigned long)'
1 warning generated.
configure:17848: $? = 0
configure:17866: result: yes
configure:17786: checking for fsync
configure:17842: gcc -o conftest -g -O2 -I/usr/local/include -Wall   conftest.c -lz  -lmhash -L/usr/local/lib -lmcrypt >&5
configure:17848: $? = 0
configure:17866: result: yes
configure:17786: checking for siglongjmp
configure:17842: gcc -o conftest -g -O2 -I/usr/local/include -Wall   conftest.c -lz  -lmhash -L/usr/local/lib -lmcrypt >&5
conftest.c:84:6: warning: declaration of built-in function 'siglongjmp' requires inclusion of the header <setjmp.h> [-Wbuiltin-requires-header]
char siglongjmp ();
     ^
1 warning generated.
configure:17848: $? = 0
configure:17866: result: yes
configure:17786: checking for strlcpy
configure:17842: gcc -o conftest -g -O2 -I/usr/local/include -Wall   conftest.c -lz  -lmhash -L/usr/local/lib -lmcrypt >&5
conftest.c:85:6: warning: incompatible redeclaration of library function 'strlcpy' [-Wincompatible-library-redeclaration]
char strlcpy ();
     ^
conftest.c:85:6: note: 'strlcpy' is a builtin with type 'unsigned long (char *, const char *, unsigned long)'
1 warning generated.
configure:17848: $? = 0
configure:17866: result: yes
configure:17887: checking for umask
configure:17943: gcc -o conftest -g -O2 -I/usr/local/include -Wall   conftest.c -lz  -lmhash -L/usr/local/lib -lmcrypt >&5
configure:17949: $? = 0
configure:17967: result: yes
configure:17887: checking for utime
configure:17943: gcc -o conftest -g -O2 -I/usr/local/include -Wall   conftest.c -lz  -lmhash -L/usr/local/lib -lmcrypt >&5
configure:17949: $? = 0
configure:17967: result: yes
configure:17887: checking for memmove
configure:17943: gcc -o conftest -g -O2 -I/usr/local/include -Wall   conftest.c -lz  -lmhash -L/usr/local/lib -lmcrypt >&5
conftest.c:88:6: warning: incompatible redeclaration of library function 'memmove' [-Wincompatible-library-redeclaration]
char memmove ();
     ^
conftest.c:88:6: note: 'memmove' is a builtin with type 'void *(void *, const void *, unsigned long)'
1 warning generated.
configure:17949: $? = 0
configure:17967: result: yes
configure:17887: checking for bcopy
configure:17943: gcc -o conftest -g -O2 -I/usr/local/include -Wall   conftest.c -lz  -lmhash -L/usr/local/lib -lmcrypt >&5
configure:17949: $? = 0
configure:17967: result: yes
configure:17887: checking for getpwuid
configure:17943: gcc -o conftest -g -O2 -I/usr/local/include -Wall   conftest.c -lz  -lmhash -L/usr/local/lib -lmcrypt >&5
configure:17949: $? = 0
configure:17967: result: yes
configure:17887: checking for waitpid
configure:17943: gcc -o conftest -g -O2 -I/usr/local/include -Wall   conftest.c -lz  -lmhash -L/usr/local/lib -lmcrypt >&5
configure:17949: $? = 0
configure:17967: result: yes
configure:17887: checking for kill
configure:17943: gcc -o conftest -g -O2 -I/usr/local/include -Wall   conftest.c -lz  -lmhash -L/usr/local/lib -lmcrypt >&5
configure:17949: $? = 0
configure:17967: result: yes
configure:17887: checking for ftime
configure:17943: gcc -o conftest -g -O2 -I/usr/local/include -Wall   conftest.c -lz  -lmhash -L/usr/local/lib -lmcrypt >&5
configure:17949: $? = 0
configure:17967: result: yes
configure:17983: checking for lstat
configure:18039: gcc -o conftest -g -O2 -I/usr/local/include -Wall   conftest.c -lz  -lmhash -L/usr/local/lib -lmcrypt >&5
configure:18045: $? = 0
configure:18063: result: yes
configure:17983: checking for stat
configure:18039: gcc -o conftest -g -O2 -I/usr/local/include -Wall   conftest.c -lz  -lmhash -L/usr/local/lib -lmcrypt >&5
configure:18045: $? = 0
configure:18063: result: yes
configure:17983: checking for fseeko
configure:18039: gcc -o conftest -g -O2 -I/usr/local/include -Wall   conftest.c -lz  -lmhash -L/usr/local/lib -lmcrypt >&5
configure:18045: $? = 0
configure:18063: result: yes
configure:18200: creating ./config.status

## ---------------------- ##
## Running config.status. ##
## ---------------------- ##

This file was extended by mcrypt config.status 2.6.8, which was
generated by GNU Autoconf 2.61.  Invocation command line was

  CONFIG_FILES    = 
  CONFIG_HEADERS  = 
  CONFIG_LINKS    = 
  CONFIG_COMMANDS = 
  $ ./config.status 

on MacBook-Air-de-Gloria.local

config.status:881: creating Makefile
config.status:881: creating doc/Makefile
config.status:881: creating src/Makefile
config.status:881: creating po/Makefile.in
config.status:881: creating config.h
config.status:1216: executing depfiles commands
config.status:1216: executing libtool commands
config.status:1216: executing po-directories commands
config.status:1216: executing default commands

## ---------------- ##
## Cache variables. ##
## ---------------- ##

ac_cv_build=i386-apple-darwin19.2.0
ac_cv_c_bigendian=no
ac_cv_c_compiler_gnu=yes
ac_cv_c_const=yes
ac_cv_env_CC_set=
ac_cv_env_CC_value=
ac_cv_env_CFLAGS_set=
ac_cv_env_CFLAGS_value=
ac_cv_env_CPPFLAGS_set=
ac_cv_env_CPPFLAGS_value=
ac_cv_env_CPP_set=
ac_cv_env_CPP_value=
ac_cv_env_LDFLAGS_set=
ac_cv_env_LDFLAGS_value=
ac_cv_env_LIBS_set=
ac_cv_env_LIBS_value=
ac_cv_env_build_alias_set=
ac_cv_env_build_alias_value=
ac_cv_env_host_alias_set=
ac_cv_env_host_alias_value=
ac_cv_env_target_alias_set=
ac_cv_env_target_alias_value=
ac_cv_func_bcopy=yes
ac_cv_func_bzero=yes
ac_cv_func_fseeko=yes
ac_cv_func_fsync=yes
ac_cv_func_ftime=yes
ac_cv_func_getpwuid=yes
ac_cv_func_kill=yes
ac_cv_func_lstat=yes
ac_cv_func_memmove=yes
ac_cv_func_memset=yes
ac_cv_func_sigaction=yes
ac_cv_func_siglongjmp=yes
ac_cv_func_signal=yes
ac_cv_func_stat=yes
ac_cv_func_strlcpy=yes
ac_cv_func_umask=yes
ac_cv_func_utime=yes
ac_cv_func_waitpid=yes
ac_cv_have_dev_random=yes
ac_cv_header_ctype_h=yes
ac_cv_header_dlfcn_h=yes
ac_cv_header_fcntl_h=yes
ac_cv_header_inttypes_h=yes
ac_cv_header_locale_h=yes
ac_cv_header_mcrypt_h=yes
ac_cv_header_memory_h=yes
ac_cv_header_pwd_h=yes
ac_cv_header_sgtty_h=yes
ac_cv_header_signal_h=yes
ac_cv_header_stdc=yes
ac_cv_header_stdint_h=yes
ac_cv_header_stdlib_h=yes
ac_cv_header_string_h=yes
ac_cv_header_strings_h=yes
ac_cv_header_sys_stat_h=yes
ac_cv_header_sys_types_h=yes
ac_cv_header_sys_wait_h=yes
ac_cv_header_termio_h=no
ac_cv_header_termios_h=yes
ac_cv_header_unistd_h=yes
ac_cv_header_utime_h=yes
ac_cv_host=i386-apple-darwin19.2.0
ac_cv_lib_mhash_mhash_keygen=yes
ac_cv_lib_z_compress=yes
ac_cv_objext=o
ac_cv_path_BZIP2=/Users/giogiasvalley/opt/anaconda3/bin/bzip2
ac_cv_path_EGREP='/usr/bin/grep -E'
ac_cv_path_FGREP='/usr/bin/grep -F'
ac_cv_path_GMSGFMT=/Users/giogiasvalley/opt/anaconda3/bin/msgfmt
ac_cv_path_GREP=/usr/bin/grep
ac_cv_path_GZIP=/usr/bin/gzip
ac_cv_path_LIBMCRYPT_CONFIG=/usr/local/bin/libmcrypt-config
ac_cv_path_MSGFMT=/Users/giogiasvalley/opt/anaconda3/bin/msgfmt
ac_cv_path_MSGMERGE=/Users/giogiasvalley/opt/anaconda3/bin/msgmerge
ac_cv_path_RM=/bin/rm
ac_cv_path_SED=/usr/bin/sed
ac_cv_path_XGETTEXT=/Users/giogiasvalley/opt/anaconda3/bin/xgettext
ac_cv_path_install='/usr/bin/install -c'
ac_cv_prog_AWK=awk
ac_cv_prog_CPP='gcc -E'
ac_cv_prog_ac_ct_AR=ar
ac_cv_prog_ac_ct_CC=gcc
ac_cv_prog_ac_ct_DSYMUTIL=dsymutil
ac_cv_prog_ac_ct_LIPO=lipo
ac_cv_prog_ac_ct_NMEDIT=nmedit
ac_cv_prog_ac_ct_OTOOL=otool
ac_cv_prog_ac_ct_RANLIB=ranlib
ac_cv_prog_ac_ct_STRIP=strip
ac_cv_prog_cc_c89=
ac_cv_prog_cc_g=yes
ac_cv_prog_make_make_set=yes
ac_cv_sizeof_unsigned_char=1
ac_cv_sizeof_unsigned_int=4
ac_cv_sizeof_unsigned_long_int=8
ac_cv_sizeof_unsigned_short_int=2
ac_cv_sys_file_offset_bits=no
ac_cv_sys_largefile_CC=no
ac_cv_target=i386-apple-darwin19.2.0
ac_cv_type_off_t=yes
ac_cv_type_signal=void
ac_cv_type_unsigned_char=yes
ac_cv_type_unsigned_int=yes
ac_cv_type_unsigned_long_int=yes
ac_cv_type_unsigned_short_int=yes
acl_cv_hardcode_direct=no
acl_cv_hardcode_libdir_flag_spec=
acl_cv_hardcode_libdir_separator=
acl_cv_hardcode_minus_L=no
acl_cv_libext=a
acl_cv_path_LD=/Applications/Xcode.app/Contents/Developer/Toolchains/XcodeDefault.xctoolchain/usr/bin/ld
acl_cv_prog_gnu_ld=no
acl_cv_rpath=done
acl_cv_shlibext=dylib
acl_cv_wl=-Wl,
am_cv_CC_dependencies_compiler_type=gcc3
am_cv_func_iconv=yes
am_cv_lib_iconv=yes
gt_cv_func_CFLocaleCopyCurrent=yes
gt_cv_func_CFPreferencesCopyAppValue=yes
gt_cv_func_gnugettext1_libc=no
gt_cv_func_gnugettext1_libintl=no
lt_cv_apple_cc_single_mod=yes
lt_cv_deplibs_check_method=pass_all
lt_cv_file_magic_cmd='$MAGIC_CMD'
lt_cv_file_magic_test_file=
lt_cv_ld_exported_symbols_list=yes
lt_cv_ld_reload_flag=-r
lt_cv_nm_interface='BSD nm'
lt_cv_objdir=.libs
lt_cv_path_LD=/Applications/Xcode.app/Contents/Developer/Toolchains/XcodeDefault.xctoolchain/usr/bin/ld
lt_cv_path_NM='/usr/bin/nm -B'
lt_cv_prog_compiler_c_o=yes
lt_cv_prog_compiler_pic_works=yes
lt_cv_prog_compiler_rtti_exceptions=yes
lt_cv_prog_compiler_static_works=no
lt_cv_prog_gnu_ld=no
lt_cv_sys_global_symbol_pipe='sed -n -e '\''s/^.*[	 ]\([BCDEGRST][BCDEGRST]*\)[	 ][	 ]*_\([_A-Za-z][_A-Za-z0-9]*\)$/\1 _\2 \2/p'\'''
lt_cv_sys_global_symbol_to_c_name_address='sed -n -e '\''s/^: \([^ ]*\) $/  {\"\1\", (void *) 0},/p'\'' -e '\''s/^[BCDEGRST]* \([^ ]*\) \([^ ]*\)$/  {"\2", (void *) \&\2},/p'\'''
lt_cv_sys_global_symbol_to_c_name_address_lib_prefix='sed -n -e '\''s/^: \([^ ]*\) $/  {\"\1\", (void *) 0},/p'\'' -e '\''s/^[BCDEGRST]* \([^ ]*\) \(lib[^ ]*\)$/  {"\2", (void *) \&\2},/p'\'' -e '\''s/^[BCDEGRST]* \([^ ]*\) \([^ ]*\)$/  {"lib\2", (void *) \&\2},/p'\'''
lt_cv_sys_global_symbol_to_cdecl='sed -n -e '\''s/^T .* \(.*\)$/extern int \1();/p'\'' -e '\''s/^[BCDEGRST]* .* \(.*\)$/extern char \1;/p'\'''
lt_cv_sys_max_cmd_len=196608

## ----------------- ##
## Output variables. ##
## ----------------- ##

ACLOCAL='${SHELL} /Users/giogiasvalley/Downloads/mcrypt-2.6.8/missing --run aclocal-1.10'
AMDEPBACKSLASH='\'
AMDEP_FALSE='#'
AMDEP_TRUE=''
AMTAR='${SHELL} /Users/giogiasvalley/Downloads/mcrypt-2.6.8/missing --run tar'
AR='ar'
AUTOCONF='${SHELL} /Users/giogiasvalley/Downloads/mcrypt-2.6.8/missing --run autoconf'
AUTOHEADER='${SHELL} /Users/giogiasvalley/Downloads/mcrypt-2.6.8/missing --run autoheader'
AUTOMAKE='${SHELL} /Users/giogiasvalley/Downloads/mcrypt-2.6.8/missing --run automake-1.10'
AWK='awk'
BZIP2='/Users/giogiasvalley/opt/anaconda3/bin/bzip2'
CC='gcc'
CCDEPMODE='depmode=gcc3'
CFLAGS='-g -O2 -I/usr/local/include -Wall'
CPP='gcc -E'
CPPFLAGS=''
CYGPATH_W='echo'
DEFS='-DHAVE_CONFIG_H'
DEPDIR='.deps'
DSYMUTIL='dsymutil'
DUMPBIN=''
ECHO_C='ECHO_N=''
ECHO_T=''
EGREP='/usr/bin/grep -E'
EXEEXT=''
FGREP='/usr/bin/grep -F'
GMSGFMT='/Users/giogiasvalley/opt/anaconda3/bin/msgfmt'
GMSGFMT_015='/Users/giogiasvalley/opt/anaconda3/bin/msgfmt'
GREP='/usr/bin/grep'
GZIP='/usr/bin/gzip'
INSTALL_DATA='${INSTALL} -m 644'
INSTALL_PROGRAM='${INSTALL}'
INSTALL_SCRIPT='${INSTALL}'
INSTALL_STRIP_PROGRAM='$(install_sh) -c -s'
INTLLIBS=''
INTL_MACOSX_LIBS='-Wl,-framework -Wl,CoreFoundation'
LD='/Applications/Xcode.app/Contents/Developer/Toolchains/XcodeDefault.xctoolchain/usr/bin/ld'
LDFLAGS=''
LIBICONV='-liconv'
LIBINTL=''
LIBMCRYPT_CFLAGS='-I/usr/local/include'
LIBMCRYPT_CONFIG='/usr/local/bin/libmcrypt-config'
LIBMCRYPT_LIBS='-L/usr/local/lib -lmcrypt'
LIBOBJS=''
LIBS='-lz  -lmhash -L/usr/local/lib -lmcrypt'
LIBTOOL='$(SHELL) $(top_builddir)/libtool'
LIPO='lipo'
LN_S='ln -s'
LTLIBICONV='-liconv'
LTLIBINTL=''
LTLIBOBJS=''
MAKEINFO='${SHELL} /Users/giogiasvalley/Downloads/mcrypt-2.6.8/missing --run makeinfo'
MSGFMT='/Users/giogiasvalley/opt/anaconda3/bin/msgfmt'
MSGFMT_015='/Users/giogiasvalley/opt/anaconda3/bin/msgfmt'
MSGMERGE='/Users/giogiasvalley/opt/anaconda3/bin/msgmerge'
NM='/usr/bin/nm -B'
NMEDIT='nmedit'
OBJEXT='o'
OTOOL64=':'
OTOOL='otool'
PACKAGE='mcrypt'
PACKAGE_BUGREPORT=''
PACKAGE_NAME='mcrypt'
PACKAGE_STRING='mcrypt 2.6.8'
PACKAGE_TARNAME='mcrypt'
PACKAGE_VERSION='2.6.8'
PATH_SEPARATOR=':'
POSUB=''
RANLIB='ranlib'
RM='/bin/rm'
SED='/usr/bin/sed'
SET_MAKE=''
SHELL='/bin/sh'
STRIP='strip'
USE_NLS='no'
VERSION='2.6.8'
XGETTEXT='/Users/giogiasvalley/opt/anaconda3/bin/xgettext'
XGETTEXT_015='/Users/giogiasvalley/opt/anaconda3/bin/xgettext'
ac_ct_CC='gcc'
ac_ct_DUMPBIN=''
am__fastdepCC_FALSE='#'
am__fastdepCC_TRUE=''
am__include='include'
am__isrc=''
am__leading_dot='.'
am__quote=''
am__tar='${AMTAR} chof - "$$tardir"'
am__untar='${AMTAR} xf -'
bindir='${exec_prefix}/bin'
build='i386-apple-darwin19.2.0'
build_alias=''
build_cpu='i386'
build_os='darwin19.2.0'
build_vendor='apple'
datadir='${datarootdir}'
datarootdir='${prefix}/share'
docdir='${datarootdir}/doc/${PACKAGE_TARNAME}'
dvidir='${docdir}'
exec_prefix='${prefix}'
host='i386-apple-darwin19.2.0'
host_alias=''
host_cpu='i386'
host_os='darwin19.2.0'
host_vendor='apple'
htmldir='${docdir}'
includedir='${prefix}/include'
infodir='${datarootdir}/info'
install_sh='$(SHELL) /Users/giogiasvalley/Downloads/mcrypt-2.6.8/install-sh'
libdir='${exec_prefix}/lib'
libexecdir='${exec_prefix}/libexec'
localedir='${datarootdir}/locale'
localstatedir='${prefix}/var'
lt_ECHO='/bin/echo'
mandir='${datarootdir}/man'
mkdir_p='$(top_builddir)/./install-sh -c -d'
oldincludedir='/usr/include'
pdfdir='${docdir}'
prefix='/usr/local'
program_transform_name='s,x,x,'
psdir='${docdir}'
sbindir='${exec_prefix}/sbin'
sharedstatedir='${prefix}/com'
sysconfdir='${prefix}/etc'
target='i386-apple-darwin19.2.0'
target_alias=''
target_cpu='i386'
target_os='darwin19.2.0'
target_vendor='apple'

## ----------- ##
## confdefs.h. ##
## ----------- ##

#define PACKAGE_NAME "mcrypt"
#define PACKAGE_TARNAME "mcrypt"
#define PACKAGE_VERSION "2.6.8"
#define PACKAGE_STRING "mcrypt 2.6.8"
#define PACKAGE_BUGREPORT ""
#define PACKAGE "mcrypt"
#define VERSION "2.6.8"
#define T_CPU "i386"
#define T_VENDOR "apple"
#define T_OS "darwin19.2.0"
#define STDC_HEADERS 1
#define HAVE_SYS_TYPES_H 1
#define HAVE_SYS_STAT_H 1
#define HAVE_STDLIB_H 1
#define HAVE_STRING_H 1
#define HAVE_MEMORY_H 1
#define HAVE_STRINGS_H 1
#define HAVE_INTTYPES_H 1
#define HAVE_STDINT_H 1
#define HAVE_UNISTD_H 1
#define HAVE_DLFCN_H 1
#define LT_OBJDIR ".libs/"
#define LIBMCRYPT24 1
#define HAVE_CFPREFERENCESCOPYAPPVALUE 1
#define HAVE_CFLOCALECOPYCURRENT 1
#define HAVE_ICONV 1
#define HAVE_LIBZ 1
#define GZIP "/usr/bin/gzip"
#define BZIP2 "/Users/giogiasvalley/opt/anaconda3/bin/bzip2"
#define NAME_OF_DEV_RANDOM "/dev/random"
#define NAME_OF_DEV_URANDOM "/dev/urandom"
#define HAVE_DEV_RANDOM 1
#define RETSIGTYPE void
#define SIZEOF_UNSIGNED_LONG_INT 8
#define SIZEOF_UNSIGNED_INT 4
#define SIZEOF_UNSIGNED_SHORT_INT 2
#define SIZEOF_UNSIGNED_CHAR 1
#define HAVE_OFF_T 1
#define STDC_HEADERS 1
#define HAVE_UNISTD_H 1
#define HAVE_PWD_H 1
#define HAVE_LOCALE_H 1
#define HAVE_STRINGS_H 1
#define HAVE_MCRYPT_H 1
#define HAVE_CTYPE_H 1
#define HAVE_SYS_STAT_H 1
#define HAVE_SYS_TYPES_H 1
#define HAVE_FCNTL_H 1
#define HAVE_SYS_WAIT_H 1
#define HAVE_UTIME_H 1
#define HAVE_SIGNAL_H 1
#define HAVE_TERMIOS_H 1
#define HAVE_SGTTY_H 1
#define HAVE_BZERO 1
#define HAVE_SIGNAL 1
#define HAVE_SIGACTION 1
#define HAVE_MEMSET 1
#define HAVE_FSYNC 1
#define HAVE_SIGLONGJMP 1
#define HAVE_STRLCPY 1
#define HAVE_UMASK 1
#define HAVE_UTIME 1
#define HAVE_MEMMOVE 1
#define HAVE_BCOPY 1
#define HAVE_GETPWUID 1
#define HAVE_WAITPID 1
#define HAVE_KILL 1
#define HAVE_FTIME 1
#define HAVE_LSTAT 1
#define HAVE_STAT 1
#define HAVE_FSEEKO 1

configure: exit 0
